AccidentDetectionApp/app/build/intermediates/manifest_merge_blame_file/debug/manifest-merger-blame-debug-report.txt
1<?xml version="1.0" encoding="utf-8"?>
2<manifest xmlns:android="http://schemas.android.com/apk/res/android"
3    package="com.example.accidentdetectionapp"
4    android:versionCode="1"
5    android:versionName="1.0" >
6
7    <uses-sdk
8        android:minSdkVersion="21"
8-->src\main\AndroidManifest.xml
9        android:targetSdkVersion="32" />
9-->src\main\AndroidManifest.xml
10
11    <uses-permission android:name="android.permission.INTERNET" />
11-->src\main\AndroidManifest.xml:5:5-67
11-->src\main\AndroidManifest.xml:5:22-64
12    <uses-permission android:name="android.permission.ACCESS_NETWORK_STATE" />
12-->src\main\AndroidManifest.xml:6:5-79
12-->src\main\AndroidManifest.xml:6:22-76
13    <uses-permission android:name="android.permission.ACCESS_COARSE_LOCATION" />
13-->src\main\AndroidManifest.xml:7:5-80
13-->src\main\AndroidManifest.xml:7:22-78
14    <uses-permission android:name="android.permission.ACCESS_FINE_LOCATION" />
14-->src\main\AndroidManifest.xml:8:5-79
14-->src\main\AndroidManifest.xml:8:22-76
15
16    <application
16-->src\main\AndroidManifest.xml:9:5-61:19
17        android:allowBackup="true"
17-->src\main\AndroidManifest.xml:10:9-35
18        android:appComponentFactory="androidx.core.app.CoreComponentFactory"
18-->[androidx.core:core:1.8.0] AndroidManifest.xml:24:18-86
19        android:dataExtractionRules="@xml/data_extraction_rules"
19-->src\main\AndroidManifest.xml:11:9-65
20        android:debuggable="true"
21        android:fullBackupContent="@xml/backup_rules"
21-->src\main\AndroidManifest.xml:12:9-54
22        android:icon="@mipmap/ic_launcher"
22-->src\main\AndroidManifest.xml:13:9-43
23        android:label="@string/app_name"
23-->src\main\AndroidManifest.xml:14:9-41
24        android:roundIcon="@mipmap/ic_launcher_round"
24-->src\main\AndroidManifest.xml:15:9-54
25        android:supportsRtl="true"
25-->src\main\AndroidManifest.xml:16:9-35
26        android:testOnly="true"
27        android:theme="@style/Theme.AccidentDetectionApp"
27-->src\main\AndroidManifest.xml:17:9-58
28        android:usesCleartextTraffic="true" >
28-->src\main\AndroidManifest.xml:18:9-44
29        <activity
29-->src\main\AndroidManifest.xml:20:9-26:20
30            android:name="com.example.accidentdetectionapp.Relative_register"
30-->src\main\AndroidManifest.xml:21:13-46
31            android:exported="false" >
31-->src\main\AndroidManifest.xml:22:13-37
32            <meta-data
32-->src\main\AndroidManifest.xml:23:13-25:36
33                android:name="android.app.lib_name"
33-->src\main\AndroidManifest.xml:24:17-52
34                android:value="" />
34-->src\main\AndroidManifest.xml:25:17-33
35        </activity>
36        <activity
36-->src\main\AndroidManifest.xml:27:9-33:20
37            android:name="com.example.accidentdetectionapp.Login"
37-->src\main\AndroidManifest.xml:28:13-34
38            android:exported="false" >
38-->src\main\AndroidManifest.xml:29:13-37
39            <meta-data
39-->src\main\AndroidManifest.xml:23:13-25:36
40                android:name="android.app.lib_name"
40-->src\main\AndroidManifest.xml:24:17-52
41                android:value="" />
41-->src\main\AndroidManifest.xml:25:17-33
42        </activity>
43        <activity
43-->src\main\AndroidManifest.xml:34:9-40:20
44            android:name="com.example.accidentdetectionapp.Register"
44-->src\main\AndroidManifest.xml:35:13-37
45            android:exported="false" >
45-->src\main\AndroidManifest.xml:36:13-37
46            <meta-data
46-->src\main\AndroidManifest.xml:23:13-25:36
47                android:name="android.app.lib_name"
47-->src\main\AndroidManifest.xml:24:17-52
48                android:value="" />
48-->src\main\AndroidManifest.xml:25:17-33
49        </activity>
50        <activity
50-->src\main\AndroidManifest.xml:41:9-53:20
51            android:name="com.example.accidentdetectionapp.Splash"
51-->src\main\AndroidManifest.xml:42:13-35
52            android:exported="true" >
52-->src\main\AndroidManifest.xml:43:13-36
53            <intent-filter>
53-->src\main\AndroidManifest.xml:44:13-48:29
54                <action android:name="android.intent.action.MAIN" />
54-->src\main\AndroidManifest.xml:45:17-69
54-->src\main\AndroidManifest.xml:45:25-66
55
56                <category android:name="android.intent.category.LAUNCHER" />
56-->src\main\AndroidManifest.xml:47:17-77
56-->src\main\AndroidManifest.xml:47:27-74
57            </intent-filter>
58
59            <meta-data
59-->src\main\AndroidManifest.xml:23:13-25:36
60                android:name="android.app.lib_name"
60-->src\main\AndroidManifest.xml:24:17-52
61                android:value="" />
61-->src\main\AndroidManifest.xml:25:17-33
62        </activity>
63        <activity
63-->src\main\AndroidManifest.xml:54:9-60:20
64            android:name="com.example.accidentdetectionapp.MainActivity"
64-->src\main\AndroidManifest.xml:55:13-41
65            android:exported="false" >
65-->src\main\AndroidManifest.xml:56:13-37
66            <meta-data
66-->src\main\AndroidManifest.xml:23:13-25:36
67                android:name="android.app.lib_name"
67-->src\main\AndroidManifest.xml:24:17-52
68                android:value="" />
68-->src\main\AndroidManifest.xml:25:17-33
69        </activity>
70        <activity
70-->[com.google.android.gms:play-services-base:17.0.0] AndroidManifest.xml:23:9-26:75
71            android:name="com.google.android.gms.common.api.GoogleApiActivity"
71-->[com.google.android.gms:play-services-base:17.0.0] AndroidManifest.xml:24:13-79
72            android:exported="false"
72-->[com.google.android.gms:play-services-base:17.0.0] AndroidManifest.xml:25:13-37
73            android:theme="@android:style/Theme.Translucent.NoTitleBar" />
73-->[com.google.android.gms:play-services-base:17.0.0] AndroidManifest.xml:26:13-72
74
75        <meta-data
75-->[com.google.android.gms:play-services-basement:17.0.0] AndroidManifest.xml:23:9-25:69
76            android:name="com.google.android.gms.version"
76-->[com.google.android.gms:play-services-basement:17.0.0] AndroidManifest.xml:24:13-58
77            android:value="@integer/google_play_services_version" />
77-->[com.google.android.gms:play-services-basement:17.0.0] AndroidManifest.xml:25:13-66
78
79        <provider
79-->[androidx.emoji2:emoji2:1.2.0] AndroidManifest.xml:24:9-32:20
80            android:name="androidx.startup.InitializationProvider"
80-->[androidx.emoji2:emoji2:1.2.0] AndroidManifest.xml:25:13-67
81            android:authorities="com.example.accidentdetectionapp.androidx-startup"
81-->[androidx.emoji2:emoji2:1.2.0] AndroidManifest.xml:26:13-68
82            android:exported="false" >
82-->[androidx.emoji2:emoji2:1.2.0] AndroidManifest.xml:27:13-37
83            <meta-data
83-->[androidx.emoji2:emoji2:1.2.0] AndroidManifest.xml:29:13-31:52
84                android:name="androidx.emoji2.text.EmojiCompatInitializer"
84-->[androidx.emoji2:emoji2:1.2.0] AndroidManifest.xml:30:17-75
85                android:value="androidx.startup" />
85-->[androidx.emoji2:emoji2:1.2.0] AndroidManifest.xml:31:17-49
86            <meta-data
86-->[androidx.lifecycle:lifecycle-process:2.4.1] AndroidManifest.xml:31:13-33:52
87                android:name="androidx.lifecycle.ProcessLifecycleInitializer"
87-->[androidx.lifecycle:lifecycle-process:2.4.1] AndroidManifest.xml:32:17-78
88                android:value="androidx.startup" />
88-->[androidx.lifecycle:lifecycle-process:2.4.1] AndroidManifest.xml:33:17-49
89        </provider>
90    </application>
91
92</manifest>